Started GET "/" for ::1 at 2020-02-04 18:17:26 -0500
Processing by RepositoriesController#search as HTML
  Rendering repositories/search.html.erb within layouts/application
  Rendered repositories/search.html.erb within layouts/application (92.4ms)
Completed 200 OK in 915ms (Views: 905.1ms | ActiveRecord: 0.0ms)


Started POST "/search" for ::1 at 2020-02-04 18:17:31 -0500
Processing by RepositoriesController#github_search as HTML
  Parameters: {"utf8"=>"✓", "authenticity_token"=>"9vFg9BpS+/3NR0v0SKfEwI1UeEZ3kX45g/FDSFgjfKldFTXeze4TArZgVcp0B6bz8kM/5C+lykiZdwuZNirJxw==", "query"=>"repos", "commit"=>"Search Github!"}
No template found for RepositoriesController#github_search, rendering head :no_content
Completed 204 No Content in 291ms (ActiveRecord: 0.0ms)


Started GET "/search" for ::1 at 2020-02-04 18:45:46 -0500
Processing by RepositoriesController#search as HTML
  Rendering repositories/search.html.erb within layouts/application
  Rendered repositories/search.html.erb within layouts/application (16.8ms)
Completed 200 OK in 495ms (Views: 478.0ms | ActiveRecord: 0.0ms)


Started POST "/search" for ::1 at 2020-02-04 18:50:56 -0500
Processing by RepositoriesController#github_search as HTML
  Parameters: {"utf8"=>"✓", "authenticity_token"=>"hYetkq1RFmO5kXGJHgKpOFapPNXtpyUGbirj8//PVN4uY/i4eu3+nMK2b7ciossLKb57d7WTkXd0rKsikcbhsA==", "query"=>"tetris", "commit"=>"Search Github!"}
Completed 500 Internal Server Error in 13ms (ActiveRecord: 0.0ms)


  
NoMethodError (undefined method `pry' for #<Binding:0x00007fb542aa65f0>
Did you mean?  try):
  
app/controllers/repositories_controller.rb:8:in `github_search'
  Rendering /Users/Katrina/.rvm/gems/ruby-2.6.1/gems/actionpack-5.0.7.1/lib/action_dispatch/middleware/templates/rescues/diagnostics.html.erb within rescues/layout
  Rendering /Users/Katrina/.rvm/gems/ruby-2.6.1/gems/actionpack-5.0.7.1/lib/action_dispatch/middleware/templates/rescues/_source.html.erb
  Rendered /Users/Katrina/.rvm/gems/ruby-2.6.1/gems/actionpack-5.0.7.1/lib/action_dispatch/middleware/templates/rescues/_source.html.erb (24.5ms)
  Rendering /Users/Katrina/.rvm/gems/ruby-2.6.1/gems/actionpack-5.0.7.1/lib/action_dispatch/middleware/templates/rescues/_trace.html.erb
  Rendered /Users/Katrina/.rvm/gems/ruby-2.6.1/gems/actionpack-5.0.7.1/lib/action_dispatch/middleware/templates/rescues/_trace.html.erb (13.9ms)
  Rendering /Users/Katrina/.rvm/gems/ruby-2.6.1/gems/actionpack-5.0.7.1/lib/action_dispatch/middleware/templates/rescues/_request_and_response.html.erb
  Rendered /Users/Katrina/.rvm/gems/ruby-2.6.1/gems/actionpack-5.0.7.1/lib/action_dispatch/middleware/templates/rescues/_request_and_response.html.erb (7.6ms)
  Rendered /Users/Katrina/.rvm/gems/ruby-2.6.1/gems/actionpack-5.0.7.1/lib/action_dispatch/middleware/templates/rescues/diagnostics.html.erb within rescues/layout (66.5ms)
DEPRECATION WARNING: Accessing mime types via constants is deprecated. Please change `Mime::HTML` to `Mime[:html]`. (called from acceptable_content_type? at /Users/Katrina/.rvm/gems/ruby-2.6.1/gems/web-console-2.3.0/lib/web_console/middleware.rb:58)
  Rendering /Users/Katrina/.rvm/gems/ruby-2.6.1/gems/web-console-2.3.0/lib/web_console/templates/index.html.erb
  Rendered /Users/Katrina/.rvm/gems/ruby-2.6.1/gems/web-console-2.3.0/lib/web_console/templates/_markup.html.erb (0.5ms)
  Rendering /Users/Katrina/.rvm/gems/ruby-2.6.1/gems/web-console-2.3.0/lib/web_console/templates/console.js.erb within layouts/javascript
  Rendering /Users/Katrina/.rvm/gems/ruby-2.6.1/gems/web-console-2.3.0/lib/web_console/templates/_inner_console_markup.html.erb within layouts/inlined_string
  Rendered /Users/Katrina/.rvm/gems/ruby-2.6.1/gems/web-console-2.3.0/lib/web_console/templates/_inner_console_markup.html.erb within layouts/inlined_string (0.9ms)
  Rendering /Users/Katrina/.rvm/gems/ruby-2.6.1/gems/web-console-2.3.0/lib/web_console/templates/_prompt_box_markup.html.erb within layouts/inlined_string
  Rendered /Users/Katrina/.rvm/gems/ruby-2.6.1/gems/web-console-2.3.0/lib/web_console/templates/_prompt_box_markup.html.erb within layouts/inlined_string (2.9ms)
  Rendering /Users/Katrina/.rvm/gems/ruby-2.6.1/gems/web-console-2.3.0/lib/web_console/templates/style.css.erb within layouts/inlined_string
  Rendered /Users/Katrina/.rvm/gems/ruby-2.6.1/gems/web-console-2.3.0/lib/web_console/templates/style.css.erb within layouts/inlined_string (3.1ms)
DEPRECATION WARNING: Accessing mime types via constants is deprecated. Please change `Mime::WEB_CONSOLE_V2` to `Mime[:web_console_v2]`. (called from ___sers__atrina__rvm_gems_ruby_______gems_web_console_______lib_web_console_templates_console_js_erb___4491426414058190954_70208268141060 at /Users/Katrina/.rvm/gems/ruby-2.6.1/gems/web-console-2.3.0/lib/web_console/templates/console.js.erb:491)
  Rendered /Users/Katrina/.rvm/gems/ruby-2.6.1/gems/web-console-2.3.0/lib/web_console/templates/console.js.erb within layouts/javascript (64.6ms)
  Rendering /Users/Katrina/.rvm/gems/ruby-2.6.1/gems/web-console-2.3.0/lib/web_console/templates/main.js.erb within layouts/javascript
  Rendered /Users/Katrina/.rvm/gems/ruby-2.6.1/gems/web-console-2.3.0/lib/web_console/templates/main.js.erb within layouts/javascript (0.5ms)
  Rendering /Users/Katrina/.rvm/gems/ruby-2.6.1/gems/web-console-2.3.0/lib/web_console/templates/error_page.js.erb within layouts/javascript
  Rendered /Users/Katrina/.rvm/gems/ruby-2.6.1/gems/web-console-2.3.0/lib/web_console/templates/error_page.js.erb within layouts/javascript (0.4ms)
  Rendered /Users/Katrina/.rvm/gems/ruby-2.6.1/gems/web-console-2.3.0/lib/web_console/templates/index.html.erb (97.3ms)
Started POST "/search" for ::1 at 2020-02-04 18:51:57 -0500
Processing by RepositoriesController#github_search as HTML
  Parameters: {"utf8"=>"✓", "authenticity_token"=>"hYetkq1RFmO5kXGJHgKpOFapPNXtpyUGbirj8//PVN4uY/i4eu3+nMK2b7ciossLKb57d7WTkXd0rKsikcbhsA==", "query"=>"tetris", "commit"=>"Search Github!"}
Started GET "/search" for ::1 at 2020-02-04 18:59:23 -0500
Processing by RepositoriesController#search as HTML
  Rendering repositories/search.html.erb within layouts/application
  Rendered repositories/search.html.erb within layouts/application (12.6ms)
Completed 200 OK in 553ms (Views: 540.8ms | ActiveRecord: 0.0ms)


Started POST "/search" for ::1 at 2020-02-04 18:59:29 -0500
Processing by RepositoriesController#github_search as HTML
  Parameters: {"utf8"=>"✓", "authenticity_token"=>"34+9ojkjPdps6PIT8VCsPAYMaVaXrRlxlW/Rwxdr+ud0a+iI7p/VJRfP7C3N8M4PeRsu9M+ZrQCP6ZkSeWJPiQ==", "query"=>"tetris", "commit"=>"Search Github!"}
Completed 500 Internal Server Error in 248ms (ActiveRecord: 0.0ms)


  
NoMethodError (undefined method `[]' for nil:NilClass):
  
app/controllers/repositories_controller.rb:18:in `github_search'
  Rendering /Users/Katrina/.rvm/gems/ruby-2.6.1/gems/actionpack-5.0.7.1/lib/action_dispatch/middleware/templates/rescues/diagnostics.html.erb within rescues/layout
  Rendering /Users/Katrina/.rvm/gems/ruby-2.6.1/gems/actionpack-5.0.7.1/lib/action_dispatch/middleware/templates/rescues/_source.html.erb
  Rendered /Users/Katrina/.rvm/gems/ruby-2.6.1/gems/actionpack-5.0.7.1/lib/action_dispatch/middleware/templates/rescues/_source.html.erb (4.1ms)
  Rendering /Users/Katrina/.rvm/gems/ruby-2.6.1/gems/actionpack-5.0.7.1/lib/action_dispatch/middleware/templates/rescues/_trace.html.erb
  Rendered /Users/Katrina/.rvm/gems/ruby-2.6.1/gems/actionpack-5.0.7.1/lib/action_dispatch/middleware/templates/rescues/_trace.html.erb (2.0ms)
  Rendering /Users/Katrina/.rvm/gems/ruby-2.6.1/gems/actionpack-5.0.7.1/lib/action_dispatch/middleware/templates/rescues/_request_and_response.html.erb
  Rendered /Users/Katrina/.rvm/gems/ruby-2.6.1/gems/actionpack-5.0.7.1/lib/action_dispatch/middleware/templates/rescues/_request_and_response.html.erb (1.5ms)
  Rendered /Users/Katrina/.rvm/gems/ruby-2.6.1/gems/actionpack-5.0.7.1/lib/action_dispatch/middleware/templates/rescues/diagnostics.html.erb within rescues/layout (30.1ms)
DEPRECATION WARNING: Accessing mime types via constants is deprecated. Please change `Mime::HTML` to `Mime[:html]`. (called from acceptable_content_type? at /Users/Katrina/.rvm/gems/ruby-2.6.1/gems/web-console-2.3.0/lib/web_console/middleware.rb:58)
  Rendering /Users/Katrina/.rvm/gems/ruby-2.6.1/gems/web-console-2.3.0/lib/web_console/templates/index.html.erb
  Rendered /Users/Katrina/.rvm/gems/ruby-2.6.1/gems/web-console-2.3.0/lib/web_console/templates/_markup.html.erb (1.9ms)
  Rendering /Users/Katrina/.rvm/gems/ruby-2.6.1/gems/web-console-2.3.0/lib/web_console/templates/console.js.erb within layouts/javascript
  Rendering /Users/Katrina/.rvm/gems/ruby-2.6.1/gems/web-console-2.3.0/lib/web_console/templates/_inner_console_markup.html.erb within layouts/inlined_string
  Rendered /Users/Katrina/.rvm/gems/ruby-2.6.1/gems/web-console-2.3.0/lib/web_console/templates/_inner_console_markup.html.erb within layouts/inlined_string (0.5ms)
  Rendering /Users/Katrina/.rvm/gems/ruby-2.6.1/gems/web-console-2.3.0/lib/web_console/templates/_prompt_box_markup.html.erb within layouts/inlined_string
  Rendered /Users/Katrina/.rvm/gems/ruby-2.6.1/gems/web-console-2.3.0/lib/web_console/templates/_prompt_box_markup.html.erb within layouts/inlined_string (0.4ms)
  Rendering /Users/Katrina/.rvm/gems/ruby-2.6.1/gems/web-console-2.3.0/lib/web_console/templates/style.css.erb within layouts/inlined_string
  Rendered /Users/Katrina/.rvm/gems/ruby-2.6.1/gems/web-console-2.3.0/lib/web_console/templates/style.css.erb within layouts/inlined_string (0.5ms)
DEPRECATION WARNING: Accessing mime types via constants is deprecated. Please change `Mime::WEB_CONSOLE_V2` to `Mime[:web_console_v2]`. (called from ___sers__atrina__rvm_gems_ruby_______gems_web_console_______lib_web_console_templates_console_js_erb__3933763973458919454_70271673681900 at /Users/Katrina/.rvm/gems/ruby-2.6.1/gems/web-console-2.3.0/lib/web_console/templates/console.js.erb:491)
  Rendered /Users/Katrina/.rvm/gems/ruby-2.6.1/gems/web-console-2.3.0/lib/web_console/templates/console.js.erb within layouts/javascript (39.9ms)
  Rendering /Users/Katrina/.rvm/gems/ruby-2.6.1/gems/web-console-2.3.0/lib/web_console/templates/main.js.erb within layouts/javascript
  Rendered /Users/Katrina/.rvm/gems/ruby-2.6.1/gems/web-console-2.3.0/lib/web_console/templates/main.js.erb within layouts/javascript (0.3ms)
  Rendering /Users/Katrina/.rvm/gems/ruby-2.6.1/gems/web-console-2.3.0/lib/web_console/templates/error_page.js.erb within layouts/javascript
  Rendered /Users/Katrina/.rvm/gems/ruby-2.6.1/gems/web-console-2.3.0/lib/web_console/templates/error_page.js.erb within layouts/javascript (0.6ms)
  Rendered /Users/Katrina/.rvm/gems/ruby-2.6.1/gems/web-console-2.3.0/lib/web_console/templates/index.html.erb (83.6ms)
Started GET "/search" for ::1 at 2020-02-04 19:58:31 -0500
Processing by RepositoriesController#search as HTML
  Rendering repositories/search.html.erb within layouts/application
  Rendered repositories/search.html.erb within layouts/application (8.9ms)
Completed 200 OK in 526ms (Views: 495.1ms | ActiveRecord: 0.0ms)


Started POST "/search" for ::1 at 2020-02-04 19:58:36 -0500
Processing by RepositoriesController#github_search as HTML
  Parameters: {"utf8"=>"✓", "authenticity_token"=>"+YunOVfwKe53gNDBcdsrqID7z+3qNiLu0raO/KNTFbhSb/ITgEzBEQynzv9Ne0mb/+yIT7IClp/IMMYtzVqg1g==", "query"=>"tetris", "commit"=>"Search Github!"}
  Rendering repositories/search.html.erb within layouts/application
  Rendered repositories/search.html.erb within layouts/application (1.2ms)
Completed 200 OK in 1453ms (Views: 32.0ms | ActiveRecord: 0.0ms)


Started GET "/search" for ::1 at 2020-02-04 20:00:38 -0500
Processing by RepositoriesController#search as HTML
  Rendering repositories/search.html.erb within layouts/application
  Rendered repositories/search.html.erb within layouts/application (7.8ms)
Completed 200 OK in 402ms (Views: 387.1ms | ActiveRecord: 0.0ms)


Started POST "/search" for ::1 at 2020-02-04 20:00:44 -0500
Processing by RepositoriesController#github_search as HTML
  Parameters: {"utf8"=>"✓", "authenticity_token"=>"4tgZh5ob0cZQITxBlLHfKft91i2caaLOpDVY7Q6UnK9JPEytTac5OSsGIn+oEb0ahGqRj8RdFr++sxA8YJ0pwQ==", "query"=>"t", "commit"=>"Search Github!"}
Completed 500 Internal Server Error in 1434ms (ActiveRecord: 0.0ms)


  
NoMethodError (undefined method `[]' for nil:NilClass):
  
app/controllers/repositories_controller.rb:18:in `github_search'
  Rendering /Users/Katrina/.rvm/gems/ruby-2.6.1/gems/actionpack-5.0.7.1/lib/action_dispatch/middleware/templates/rescues/diagnostics.html.erb within rescues/layout
  Rendering /Users/Katrina/.rvm/gems/ruby-2.6.1/gems/actionpack-5.0.7.1/lib/action_dispatch/middleware/templates/rescues/_source.html.erb
  Rendered /Users/Katrina/.rvm/gems/ruby-2.6.1/gems/actionpack-5.0.7.1/lib/action_dispatch/middleware/templates/rescues/_source.html.erb (16.2ms)
  Rendering /Users/Katrina/.rvm/gems/ruby-2.6.1/gems/actionpack-5.0.7.1/lib/action_dispatch/middleware/templates/rescues/_trace.html.erb
  Rendered /Users/Katrina/.rvm/gems/ruby-2.6.1/gems/actionpack-5.0.7.1/lib/action_dispatch/middleware/templates/rescues/_trace.html.erb (2.3ms)
  Rendering /Users/Katrina/.rvm/gems/ruby-2.6.1/gems/actionpack-5.0.7.1/lib/action_dispatch/middleware/templates/rescues/_request_and_response.html.erb
  Rendered /Users/Katrina/.rvm/gems/ruby-2.6.1/gems/actionpack-5.0.7.1/lib/action_dispatch/middleware/templates/rescues/_request_and_response.html.erb (1.5ms)
  Rendered /Users/Katrina/.rvm/gems/ruby-2.6.1/gems/actionpack-5.0.7.1/lib/action_dispatch/middleware/templates/rescues/diagnostics.html.erb within rescues/layout (56.4ms)
DEPRECATION WARNING: Accessing mime types via constants is deprecated. Please change `Mime::HTML` to `Mime[:html]`. (called from acceptable_content_type? at /Users/Katrina/.rvm/gems/ruby-2.6.1/gems/web-console-2.3.0/lib/web_console/middleware.rb:58)
  Rendering /Users/Katrina/.rvm/gems/ruby-2.6.1/gems/web-console-2.3.0/lib/web_console/templates/index.html.erb
  Rendered /Users/Katrina/.rvm/gems/ruby-2.6.1/gems/web-console-2.3.0/lib/web_console/templates/_markup.html.erb (0.5ms)
  Rendering /Users/Katrina/.rvm/gems/ruby-2.6.1/gems/web-console-2.3.0/lib/web_console/templates/console.js.erb within layouts/javascript
  Rendering /Users/Katrina/.rvm/gems/ruby-2.6.1/gems/web-console-2.3.0/lib/web_console/templates/_inner_console_markup.html.erb within layouts/inlined_string
  Rendered /Users/Katrina/.rvm/gems/ruby-2.6.1/gems/web-console-2.3.0/lib/web_console/templates/_inner_console_markup.html.erb within layouts/inlined_string (0.5ms)
  Rendering /Users/Katrina/.rvm/gems/ruby-2.6.1/gems/web-console-2.3.0/lib/web_console/templates/_prompt_box_markup.html.erb within layouts/inlined_string
  Rendered /Users/Katrina/.rvm/gems/ruby-2.6.1/gems/web-console-2.3.0/lib/web_console/templates/_prompt_box_markup.html.erb within layouts/inlined_string (0.4ms)
  Rendering /Users/Katrina/.rvm/gems/ruby-2.6.1/gems/web-console-2.3.0/lib/web_console/templates/style.css.erb within layouts/inlined_string
  Rendered /Users/Katrina/.rvm/gems/ruby-2.6.1/gems/web-console-2.3.0/lib/web_console/templates/style.css.erb within layouts/inlined_string (0.4ms)
DEPRECATION WARNING: Accessing mime types via constants is deprecated. Please change `Mime::WEB_CONSOLE_V2` to `Mime[:web_console_v2]`. (called from ___sers__atrina__rvm_gems_ruby_______gems_web_console_______lib_web_console_templates_console_js_erb___3919598031646500347_70135386404460 at /Users/Katrina/.rvm/gems/ruby-2.6.1/gems/web-console-2.3.0/lib/web_console/templates/console.js.erb:491)
  Rendered /Users/Katrina/.rvm/gems/ruby-2.6.1/gems/web-console-2.3.0/lib/web_console/templates/console.js.erb within layouts/javascript (35.5ms)
  Rendering /Users/Katrina/.rvm/gems/ruby-2.6.1/gems/web-console-2.3.0/lib/web_console/templates/main.js.erb within layouts/javascript
  Rendered /Users/Katrina/.rvm/gems/ruby-2.6.1/gems/web-console-2.3.0/lib/web_console/templates/main.js.erb within layouts/javascript (0.4ms)
  Rendering /Users/Katrina/.rvm/gems/ruby-2.6.1/gems/web-console-2.3.0/lib/web_console/templates/error_page.js.erb within layouts/javascript
  Rendered /Users/Katrina/.rvm/gems/ruby-2.6.1/gems/web-console-2.3.0/lib/web_console/templates/error_page.js.erb within layouts/javascript (0.5ms)
  Rendered /Users/Katrina/.rvm/gems/ruby-2.6.1/gems/web-console-2.3.0/lib/web_console/templates/index.html.erb (61.0ms)
Started GET "/search" for ::1 at 2020-02-04 21:40:11 -0500
Processing by RepositoriesController#search as HTML
  Rendering repositories/search.html.erb within layouts/application
  Rendered repositories/search.html.erb within layouts/application (7.4ms)
Completed 200 OK in 346ms (Views: 335.8ms | ActiveRecord: 0.0ms)


Started POST "/search" for ::1 at 2020-02-04 21:40:16 -0500
Processing by RepositoriesController#github_search as HTML
  Parameters: {"utf8"=>"✓", "authenticity_token"=>"mQVybnzRf7K1xhlq+zq4zqacfv6CNPcpQ9UsXIbZygAy4SdEq22XTc7hB1THmtr92Ys5XNoAQ1hZU2SN6NB/bg==", "query"=>"tetris", "commit"=>"Search Github!"}
  Rendering repositories/search.html.erb within layouts/application
  Rendered repositories/search.html.erb within layouts/application (1.1ms)
Completed 200 OK in 1250ms (Views: 13.6ms | ActiveRecord: 0.0ms)


Started POST "/search" for ::1 at 2020-02-04 21:55:39 -0500
Processing by RepositoriesController#github_search as HTML
  Parameters: {"utf8"=>"✓", "authenticity_token"=>"njJEKmdZVv54aiILqxlHLBJFu0mSJ4j7Z7G0PcEU+xQ11hEAsOW+AQNNPDWXuSUfbVL868oTPIp9N/zsrx1Oeg==", "query"=>"tetris", "commit"=>"Search Github!"}
  Rendering repositories/search.html.erb within layouts/application
  Rendered repositories/search.html.erb within layouts/application (13.3ms)
Completed 200 OK in 1705ms (Views: 367.1ms | ActiveRecord: 0.0ms)


Started POST "/search" for ::1 at 2020-02-04 21:55:42 -0500
Processing by RepositoriesController#github_search as HTML
  Parameters: {"utf8"=>"✓", "authenticity_token"=>"mvb+bLTUkMD7D6uj6m8ox5EA0aQFALL8bulgi3erRZkxEqtGY2h4P4AotZ3Wz0r07heWBl00Bo10byhaGaLw9w==", "query"=>"", "commit"=>"Search Github!"}
  Rendering repositories/search.html.erb within layouts/application
  Rendered repositories/search.html.erb within layouts/application (1.7ms)
Completed 200 OK in 153ms (Views: 16.6ms | ActiveRecord: 0.0ms)


Started POST "/search" for ::1 at 2020-02-04 21:55:43 -0500
Processing by RepositoriesController#github_search as HTML
  Parameters: {"utf8"=>"✓", "authenticity_token"=>"LAZxQWdpX4W4zWSzVTTWDBO63R5gwASYPBJYXlFDrG6H4iRrsNW3esPqeo1plLQ/bK2avDj0sOkmlBCPP0oZAA==", "query"=>"", "commit"=>"Search Github!"}
  Rendering repositories/search.html.erb within layouts/application
  Rendered repositories/search.html.erb within layouts/application (1.3ms)
Completed 200 OK in 228ms (Views: 13.5ms | ActiveRecord: 0.0ms)


Started POST "/search" for ::1 at 2020-02-04 21:55:44 -0500
Processing by RepositoriesController#github_search as HTML
  Parameters: {"utf8"=>"✓", "authenticity_token"=>"s1hQqpnu4FAWxW5gM/KP+dA2JVxaxCq1tYIDafeUuxcYvAWATlIIr23icF4PUu3KryFi/gLwnsSvBEu4mZ0OeQ==", "query"=>"", "commit"=>"Search Github!"}
  Rendering repositories/search.html.erb within layouts/application
  Rendered repositories/search.html.erb within layouts/application (1.8ms)
Completed 200 OK in 141ms (Views: 13.9ms | ActiveRecord: 0.0ms)


Started POST "/search" for ::1 at 2020-02-04 21:55:47 -0500
Processing by RepositoriesController#github_search as HTML
  Parameters: {"utf8"=>"✓", "authenticity_token"=>"Vkc0FRAmlAftJpjsZmRSymcxJxFFTNmiLEpdLjSRf4r9o2E/x5p8+JYBhtJaxDD5GCZgsx14bdM2zBX/WpjK5A==", "query"=>"tetris", "commit"=>"Search Github!"}
  Rendering repositories/search.html.erb within layouts/application
  Rendered repositories/search.html.erb within layouts/application (4.4ms)
Completed 200 OK in 1019ms (Views: 15.6ms | ActiveRecord: 0.0ms)


Started GET "/search" for ::1 at 2020-02-04 21:56:23 -0500
Processing by RepositoriesController#search as HTML
  Rendering repositories/search.html.erb within layouts/application
  Rendered repositories/search.html.erb within layouts/application (1.5ms)
Completed 200 OK in 26ms (Views: 25.1ms | ActiveRecord: 0.0ms)


Started POST "/search" for ::1 at 2020-02-04 21:56:27 -0500
Processing by RepositoriesController#github_search as HTML
  Parameters: {"utf8"=>"✓", "authenticity_token"=>"fwNr6fASWSUxuamLEdhKaU8clUkM8xfhRG5Me/DMnXDU5z7DJ66x2kqet7UteChaMAvS61THo5Be6ASqnsUoHg==", "query"=>"tetris", "commit"=>"Search Github!"}
  Rendering repositories/search.html.erb within layouts/application
  Rendered repositories/search.html.erb within layouts/application (4.6ms)
Completed 200 OK in 1558ms (Views: 15.1ms | ActiveRecord: 0.0ms)


Started GET "/search" for ::1 at 2020-02-04 21:56:31 -0500
Processing by RepositoriesController#search as HTML
  Rendering repositories/search.html.erb within layouts/application
  Rendered repositories/search.html.erb within layouts/application (2.0ms)
Completed 200 OK in 15ms (Views: 14.1ms | ActiveRecord: 0.0ms)


Started POST "/search" for ::1 at 2020-02-04 21:56:34 -0500
Processing by RepositoriesController#github_search as HTML
  Parameters: {"utf8"=>"✓", "authenticity_token"=>"j5qlTsoPITbO6++1mH6VaUrgEPLUKfAdmOFnDPxFJ1EkfvBkHbPJybXM8Yuk3vdaNfdXUIwdRGyCZy/dkkySPw==", "query"=>"", "commit"=>"Search Github!"}
  Rendering repositories/search.html.erb within layouts/application
  Rendered repositories/search.html.erb within layouts/application (1.7ms)
Completed 200 OK in 144ms (Views: 17.6ms | ActiveRecord: 0.0ms)


Started POST "/search" for ::1 at 2020-02-04 22:15:18 -0500
Processing by RepositoriesController#github_search as HTML
  Parameters: {"utf8"=>"✓", "authenticity_token"=>"fwNr6fASWSUxuamLEdhKaU8clUkM8xfhRG5Me/DMnXDU5z7DJ66x2kqet7UteChaMAvS61THo5Be6ASqnsUoHg==", "query"=>"tetris", "commit"=>"Search Github!"}
  Rendering repositories/search.html.erb within layouts/application
  Rendered repositories/search.html.erb within layouts/application (10.7ms)
Completed 200 OK in 1553ms (Views: 364.7ms | ActiveRecord: 0.0ms)


